<?xml version="1.0" encoding="UTF-8"?>
<!-- Generated by org.testng.reporters.JUnitReportReporter -->
<testsuite hostname="user-PC" failures="0" tests="2" name="com.peoplentech.automationtrainingcourse.Amazona" time="0.018" errors="0" timestamp="2021-04-13T21:47:05 EDT" skipped="0">
  <testcase classname="com.peoplentech.automationtrainingcourse.Amazona" name="sd" time="0.005"/>
  <testcase classname="com.peoplentech.automationtrainingcourse.Amazona" name="f" time="0.013"/>
</testsuite> <!-- com.peoplentech.automationtrainingcourse.Amazona -->
