<?xml version="1.0" encoding="UTF-8"?>
<!-- Generated by org.testng.reporters.JUnitReportReporter -->
<testsuite hostname="DESKTOP-TQ5Q620" failures="0" tests="3" name="com.peoplentech.automationtrainingcourse.Group" time="0.020" errors="0" timestamp="2021-04-21T18:38:07 EDT" skipped="0">
  <testcase classname="com.peoplentech.automationtrainingcourse.Group" name="f" time="0.016"/>
  <system-out/>
  <testcase classname="com.peoplentech.automationtrainingcourse.Group" name="f9" time="0.002"/>
  <system-out/>
  <testcase classname="com.peoplentech.automationtrainingcourse.Group" name="f6" time="0.002"/>
  <system-out/>
</testsuite> <!-- com.peoplentech.automationtrainingcourse.Group -->
