<?xml version="1.0" encoding="UTF-8"?>
<!-- Generated by org.testng.reporters.JUnitReportReporter -->
<testsuite hostname="DESKTOP-TQ5Q620" failures="0" tests="6" name="com.peoplentech.automationtrainingcourse.Duplicate" time="39.000" errors="0" timestamp="2021-04-20T21:48:01 EDT" skipped="0">
  <testcase classname="com.peoplentech.automationtrainingcourse.Duplicate" name="f" time="5.935"/>
  <system-out/>
  <testcase classname="com.peoplentech.automationtrainingcourse.Duplicate" name="f" time="10.243"/>
  <system-out/>
  <testcase classname="com.peoplentech.automationtrainingcourse.Duplicate" name="f" time="15.882"/>
  <system-out/>
  <testcase classname="com.peoplentech.automationtrainingcourse.Duplicate" name="verification" time="2.408"/>
  <system-out/>
  <testcase classname="com.peoplentech.automationtrainingcourse.Duplicate" name="verification" time="2.019"/>
  <system-out/>
  <testcase classname="com.peoplentech.automationtrainingcourse.Duplicate" name="verification" time="2.513"/>
  <system-out/>
</testsuite> <!-- com.peoplentech.automationtrainingcourse.Duplicate -->
