<?xml version="1.0" encoding="UTF-8"?>
<!-- Generated by org.testng.reporters.JUnitReportReporter -->
<testsuite hostname="DESKTOP-TQ5Q620" failures="0" tests="6" name="com.peoplentech.automationtrainingcourse.SignHomePage" time="45.378" errors="0" timestamp="2021-04-20T21:48:01 EDT" skipped="0">
  <testcase classname="com.peoplentech.automationtrainingcourse.SignHomePage" name="f" time="13.886"/>
  <system-out/>
  <testcase classname="com.peoplentech.automationtrainingcourse.SignHomePage" name="f" time="6.380"/>
  <system-out/>
  <testcase classname="com.peoplentech.automationtrainingcourse.SignHomePage" name="f" time="17.526"/>
  <system-out/>
  <testcase classname="com.peoplentech.automationtrainingcourse.SignHomePage" name="verification" time="1.673"/>
  <system-out/>
  <testcase classname="com.peoplentech.automationtrainingcourse.SignHomePage" name="verification" time="2.481"/>
  <system-out/>
  <testcase classname="com.peoplentech.automationtrainingcourse.SignHomePage" name="verification" time="3.432"/>
  <system-out/>
</testsuite> <!-- com.peoplentech.automationtrainingcourse.SignHomePage -->
