<?xml version="1.0" encoding="UTF-8"?>
<!-- Generated by org.testng.reporters.JUnitReportReporter -->
<testsuite hostname="DESKTOP-TQ5Q620" failures="0" tests="2" name="com.peoplentech.automationtrainingcourse.Sign" time="25.112" errors="0" timestamp="2021-04-21T20:55:54 EDT" skipped="0">
  <testcase classname="com.peoplentech.automationtrainingcourse.Sign" name="f" time="12.256"/>
  <system-out/>
  <testcase classname="com.peoplentech.automationtrainingcourse.Sign" name="f" time="12.856"/>
  <system-out/>
</testsuite> <!-- com.peoplentech.automationtrainingcourse.Sign -->
